[23.12.2022 18:43:28 ] [INFO] [main] [<module>: 8] => Start
[23.12.2022 18:43:37 ] [INFO] [user_interface] [ls_menu: 22] => The user has selected item number 1
[23.12.2022 18:43:46 ] [INFO] [user_interface] [ls_menu: 26] => The user has selected item number 2
[23.12.2022 18:43:49 ] [INFO] [user_interface] [ls_menu: 28] => User entered: {search}
[23.12.2022 18:55:37 ] [INFO] [user_interface] [ls_menu: 44] => The user has selected item number 5
[23.12.2022 18:55:39 ] [INFO] [user_interface] [ls_menu: 46] => User entered: {name}
[23.12.2022 18:55:41 ] [INFO] [user_interface] [ls_menu: 48] => User entered: {surname}
[23.12.2022 18:55:43 ] [INFO] [user_interface] [ls_menu: 50] => User entered: {number}
[23.12.2022 18:55:45 ] [INFO] [user_interface] [ls_menu: 52] => User entered: {email}
[23.12.2022 18:58:55 ] [INFO] [user_interface] [ls_menu: 44] => The user has selected item number 5
[23.12.2022 18:58:57 ] [INFO] [user_interface] [ls_menu: 46] => User entered: {name}
[23.12.2022 18:58:58 ] [INFO] [user_interface] [ls_menu: 48] => User entered: {surname}
[23.12.2022 18:58:59 ] [INFO] [user_interface] [ls_menu: 50] => User entered: {number}
[23.12.2022 18:59:00 ] [INFO] [user_interface] [ls_menu: 52] => User entered: {email}
[23.12.2022 18:59:19 ] [INFO] [user_interface] [ls_menu: 141] => End
[23.12.2022 18:59:23 ] [INFO] [main] [<module>: 8] => Start
[23.12.2022 18:59:24 ] [INFO] [user_interface] [ls_menu: 44] => The user has selected item number 5
[23.12.2022 18:59:25 ] [INFO] [user_interface] [ls_menu: 46] => User entered: {name}
[23.12.2022 18:59:26 ] [INFO] [user_interface] [ls_menu: 48] => User entered: {surname}
[23.12.2022 18:59:26 ] [INFO] [user_interface] [ls_menu: 50] => User entered: {number}
[23.12.2022 18:59:27 ] [INFO] [user_interface] [ls_menu: 52] => User entered: {email}
[23.12.2022 18:59:30 ] [INFO] [user_interface] [ls_menu: 141] => End
[23.12.2022 18:59:46 ] [INFO] [main] [<module>: 8] => Start
[23.12.2022 19:00:49 ] [INFO] [main] [<module>: 8] => Start
[23.12.2022 19:00:54 ] [INFO] [user_interface] [ls_menu: 22] => The user has selected item number 1
[23.12.2022 19:06:41 ] [INFO] [main] [<module>: 8] => Start
[23.12.2022 19:06:44 ] [INFO] [user_interface] [ls_menu: 44] => The user has selected item number 5
[23.12.2022 19:06:45 ] [INFO] [user_interface] [ls_menu: 46] => User entered: {name}
[23.12.2022 19:06:46 ] [INFO] [user_interface] [ls_menu: 48] => User entered: {surname}
[23.12.2022 19:06:46 ] [INFO] [user_interface] [ls_menu: 50] => User entered: {number}
[23.12.2022 19:06:47 ] [INFO] [user_interface] [ls_menu: 52] => User entered: {email}
[23.12.2022 19:07:13 ] [INFO] [main] [<module>: 8] => Start
[23.12.2022 19:07:16 ] [INFO] [user_interface] [ls_menu: 44] => The user has selected item number 5
[23.12.2022 19:07:17 ] [INFO] [user_interface] [ls_menu: 46] => User entered: {name}
[23.12.2022 19:07:17 ] [INFO] [user_interface] [ls_menu: 48] => User entered: {surname}
[23.12.2022 19:07:18 ] [INFO] [user_interface] [ls_menu: 50] => User entered: {number}
[23.12.2022 19:07:18 ] [INFO] [user_interface] [ls_menu: 52] => User entered: {email}
[23.12.2022 19:07:29 ] [INFO] [main] [<module>: 8] => Start
[23.12.2022 19:07:31 ] [INFO] [user_interface] [ls_menu: 44] => The user has selected item number 5
[23.12.2022 19:07:31 ] [INFO] [user_interface] [ls_menu: 46] => User entered: {name}
[23.12.2022 19:07:31 ] [INFO] [user_interface] [ls_menu: 48] => User entered: {surname}
[23.12.2022 19:07:31 ] [INFO] [user_interface] [ls_menu: 50] => User entered: {number}
[23.12.2022 19:07:32 ] [INFO] [user_interface] [ls_menu: 52] => User entered: {email}
[23.12.2022 19:09:03 ] [INFO] [main] [<module>: 8] => Start
[23.12.2022 19:09:26 ] [INFO] [user_interface] [ls_menu: 26] => The user has selected item number 2
[23.12.2022 19:09:27 ] [INFO] [user_interface] [ls_menu: 28] => User entered: {search}
[23.12.2022 19:11:13 ] [INFO] [main] [<module>: 8] => Start
[23.12.2022 19:11:16 ] [INFO] [user_interface] [ls_menu: 26] => The user has selected item number 2
[23.12.2022 19:11:17 ] [INFO] [user_interface] [ls_menu: 28] => User entered: {search}
[25.12.2022 21:37:38 ] [INFO] [main] [<module>: 8] => Start
[25.12.2022 21:37:45 ] [INFO] [user_interface] [ls_menu: 22] => The user has selected item number 1
[25.12.2022 21:42:28 ] [INFO] [main] [<module>: 8] => Start
[25.12.2022 21:51:39 ] [INFO] [main] [<module>: 8] => Start
[26.12.2022 21:09:08 ] [INFO] [main] [<module>: 8] => Start
[26.12.2022 21:09:17 ] [INFO] [user_interface] [ls_menu: 24] => The user has selected item number 1
[26.12.2022 21:20:09 ] [INFO] [bot] [main: 43] => The user has selected item number 1
[26.12.2022 21:20:11 ] [INFO] [bot] [main: 47] => The user has selected item number 2
[26.12.2022 21:20:21 ] [INFO] [bot] [find_surname: 86] => User entered: {surname_it}
[26.12.2022 21:20:26 ] [INFO] [bot] [main: 62] => The user has selected item number 5
[26.12.2022 21:20:29 ] [INFO] [bot] [get_name: 107] => User entered: {name_it}
[26.12.2022 21:20:32 ] [INFO] [bot] [get_surname: 115] => User entered: {surname_it}
[26.12.2022 21:20:38 ] [INFO] [bot] [get_number: 123] => User entered: {number_it}
[26.12.2022 21:20:49 ] [INFO] [bot] [get_email: 131] => User entered: {email_it}
[26.12.2022 21:31:45 ] [ERROR] [__init__] [infinity_polling: 966] => Infinity polling: polling exited
[26.12.2022 21:31:45 ] [ERROR] [__init__] [infinity_polling: 968] => Break infinity polling
[26.12.2022 21:31:55 ] [INFO] [main] [<module>: 8] => Start
[26.12.2022 21:31:58 ] [INFO] [user_interface] [ls_menu: 24] => The user has selected item number 1
[26.12.2022 21:36:08 ] [INFO] [main] [<module>: 8] => Start
[26.12.2022 21:36:30 ] [INFO] [main] [<module>: 8] => Start
[26.12.2022 21:36:58 ] [INFO] [main] [<module>: 8] => Start
[26.12.2022 21:37:14 ] [INFO] [user_interface] [ls_menu: 151] => The user has selected item number 9
[26.12.2022 21:37:17 ] [INFO] [user_interface] [ls_menu: 163] => The user has selected item number 9.2
[26.12.2022 21:37:26 ] [INFO] [user_interface] [ls_menu: 165] => User entered: {user_id}
[26.12.2022 21:37:49 ] [INFO] [main] [<module>: 8] => Start
[26.12.2022 21:37:50 ] [INFO] [user_interface] [ls_menu: 151] => The user has selected item number 9
[26.12.2022 21:37:52 ] [INFO] [user_interface] [ls_menu: 163] => The user has selected item number 9.2
[26.12.2022 21:37:58 ] [INFO] [user_interface] [ls_menu: 165] => User entered: {user_id}
[26.12.2022 21:40:45 ] [INFO] [main] [<module>: 8] => Start
[26.12.2022 21:40:46 ] [INFO] [user_interface] [ls_menu: 151] => The user has selected item number 9
[26.12.2022 21:40:47 ] [INFO] [user_interface] [ls_menu: 163] => The user has selected item number 9.2
[26.12.2022 21:40:57 ] [INFO] [user_interface] [ls_menu: 165] => User entered: {user_id}
[26.12.2022 21:45:00 ] [INFO] [main] [<module>: 8] => Start
[26.12.2022 21:45:02 ] [INFO] [user_interface] [ls_menu: 151] => The user has selected item number 9
[26.12.2022 21:45:03 ] [INFO] [user_interface] [ls_menu: 157] => The user has selected item number 9.1
[26.12.2022 21:45:07 ] [INFO] [user_interface] [ls_menu: 159] => User entered: {user_id}
[26.12.2022 21:45:35 ] [INFO] [main] [<module>: 8] => Start
[26.12.2022 21:45:37 ] [INFO] [user_interface] [ls_menu: 151] => The user has selected item number 9
[26.12.2022 21:45:40 ] [INFO] [user_interface] [ls_menu: 157] => The user has selected item number 9.1
[26.12.2022 21:45:43 ] [INFO] [user_interface] [ls_menu: 159] => User entered: {user_id}
[26.12.2022 21:46:13 ] [INFO] [main] [<module>: 8] => Start
[26.12.2022 21:46:15 ] [INFO] [user_interface] [ls_menu: 151] => The user has selected item number 9
[26.12.2022 21:46:16 ] [INFO] [user_interface] [ls_menu: 157] => The user has selected item number 9.1
[26.12.2022 21:46:18 ] [INFO] [user_interface] [ls_menu: 159] => User entered: {user_id}
[26.12.2022 21:47:34 ] [INFO] [user_interface] [ls_menu: 174] => End
[26.12.2022 21:47:36 ] [INFO] [main] [<module>: 8] => Start
[26.12.2022 21:47:38 ] [INFO] [user_interface] [ls_menu: 151] => The user has selected item number 9
[26.12.2022 21:47:39 ] [INFO] [user_interface] [ls_menu: 157] => The user has selected item number 9.1
[26.12.2022 21:47:43 ] [INFO] [user_interface] [ls_menu: 159] => User entered: {user_id}
[26.12.2022 21:49:46 ] [INFO] [main] [<module>: 8] => Start
[26.12.2022 21:49:52 ] [INFO] [user_interface] [ls_menu: 151] => The user has selected item number 9
[26.12.2022 21:49:53 ] [INFO] [user_interface] [ls_menu: 157] => The user has selected item number 9.1
[26.12.2022 21:49:58 ] [INFO] [user_interface] [ls_menu: 159] => User entered: {user_id}
[26.12.2022 21:50:25 ] [INFO] [main] [<module>: 8] => Start
[26.12.2022 21:50:32 ] [INFO] [user_interface] [ls_menu: 151] => The user has selected item number 9
[26.12.2022 21:50:33 ] [INFO] [user_interface] [ls_menu: 157] => The user has selected item number 9.1
[26.12.2022 21:50:39 ] [INFO] [user_interface] [ls_menu: 159] => User entered: {user_id}
[26.12.2022 21:51:13 ] [INFO] [main] [<module>: 8] => Start
[26.12.2022 21:51:15 ] [INFO] [user_interface] [ls_menu: 151] => The user has selected item number 9
[26.12.2022 21:51:17 ] [INFO] [user_interface] [ls_menu: 157] => The user has selected item number 9.1
[26.12.2022 21:51:19 ] [INFO] [user_interface] [ls_menu: 159] => User entered: {user_id}
[26.12.2022 22:03:21 ] [INFO] [main] [<module>: 8] => Start
[26.12.2022 22:03:39 ] [INFO] [user_interface] [ls_menu: 128] => The user has selected item number 8
[26.12.2022 22:03:41 ] [INFO] [user_interface] [ls_menu: 140] => The user has selected item number 8.2
[26.12.2022 22:03:49 ] [INFO] [user_interface] [ls_menu: 142] => User entered: {user_id}
[26.12.2022 22:04:09 ] [INFO] [main] [<module>: 8] => Start
[26.12.2022 22:04:10 ] [INFO] [user_interface] [ls_menu: 128] => The user has selected item number 8
[26.12.2022 22:04:10 ] [INFO] [user_interface] [ls_menu: 140] => The user has selected item number 8.2
[26.12.2022 22:04:13 ] [INFO] [user_interface] [ls_menu: 142] => User entered: {user_id}
[26.12.2022 22:04:17 ] [INFO] [user_interface] [ls_menu: 24] => The user has selected item number 1
[26.12.2022 22:04:25 ] [INFO] [user_interface] [ls_menu: 128] => The user has selected item number 8
[26.12.2022 22:04:26 ] [INFO] [user_interface] [ls_menu: 140] => The user has selected item number 8.2
[26.12.2022 22:04:28 ] [INFO] [user_interface] [ls_menu: 142] => User entered: {user_id}
[26.12.2022 22:04:30 ] [INFO] [user_interface] [ls_menu: 24] => The user has selected item number 1
[26.12.2022 22:07:57 ] [INFO] [main] [<module>: 8] => Start
[26.12.2022 22:07:59 ] [INFO] [user_interface] [ls_menu: 128] => The user has selected item number 8
[26.12.2022 22:07:59 ] [INFO] [user_interface] [ls_menu: 134] => The user has selected item number 8.1
[26.12.2022 22:08:04 ] [INFO] [user_interface] [ls_menu: 136] => User entered: {user_id}
[26.12.2022 22:08:18 ] [INFO] [main] [<module>: 8] => Start
[26.12.2022 22:08:20 ] [INFO] [user_interface] [ls_menu: 128] => The user has selected item number 8
[26.12.2022 22:08:20 ] [INFO] [user_interface] [ls_menu: 134] => The user has selected item number 8.1
[26.12.2022 22:08:23 ] [INFO] [user_interface] [ls_menu: 136] => User entered: {user_id}
[26.12.2022 22:08:52 ] [INFO] [main] [<module>: 8] => Start
[26.12.2022 22:08:54 ] [INFO] [user_interface] [ls_menu: 128] => The user has selected item number 8
[26.12.2022 22:08:54 ] [INFO] [user_interface] [ls_menu: 134] => The user has selected item number 8.1
[26.12.2022 22:08:58 ] [INFO] [user_interface] [ls_menu: 136] => User entered: {user_id}
[26.12.2022 22:10:12 ] [INFO] [main] [<module>: 8] => Start
[26.12.2022 22:10:26 ] [INFO] [main] [<module>: 8] => Start
[26.12.2022 22:10:27 ] [INFO] [user_interface] [ls_menu: 128] => The user has selected item number 8
[26.12.2022 22:10:28 ] [INFO] [user_interface] [ls_menu: 134] => The user has selected item number 8.1
[26.12.2022 22:10:32 ] [INFO] [user_interface] [ls_menu: 136] => User entered: {user_id}
[26.12.2022 22:10:58 ] [INFO] [main] [<module>: 8] => Start
[26.12.2022 22:10:59 ] [INFO] [user_interface] [ls_menu: 128] => The user has selected item number 8
[26.12.2022 22:11:00 ] [INFO] [user_interface] [ls_menu: 134] => The user has selected item number 8.1
[26.12.2022 22:11:07 ] [INFO] [user_interface] [ls_menu: 136] => User entered: {user_id}
[26.12.2022 22:11:25 ] [INFO] [main] [<module>: 8] => Start
[26.12.2022 22:11:27 ] [INFO] [user_interface] [ls_menu: 128] => The user has selected item number 8
[26.12.2022 22:11:28 ] [INFO] [user_interface] [ls_menu: 134] => The user has selected item number 8.1
[26.12.2022 22:11:29 ] [INFO] [user_interface] [ls_menu: 136] => User entered: {user_id}
[26.12.2022 22:11:41 ] [INFO] [main] [<module>: 8] => Start
[26.12.2022 22:11:43 ] [INFO] [user_interface] [ls_menu: 128] => The user has selected item number 8
[26.12.2022 22:11:44 ] [INFO] [user_interface] [ls_menu: 134] => The user has selected item number 8.1
[26.12.2022 22:11:46 ] [INFO] [user_interface] [ls_menu: 136] => User entered: {user_id}
[26.12.2022 22:16:34 ] [INFO] [main] [<module>: 8] => Start
[26.12.2022 22:16:36 ] [INFO] [user_interface] [ls_menu: 128] => The user has selected item number 8
[26.12.2022 22:16:36 ] [INFO] [user_interface] [ls_menu: 134] => The user has selected item number 8.1
[26.12.2022 22:16:41 ] [INFO] [user_interface] [ls_menu: 136] => User entered: {user_id}
[26.12.2022 22:17:27 ] [INFO] [main] [<module>: 8] => Start
[26.12.2022 22:17:29 ] [INFO] [user_interface] [ls_menu: 128] => The user has selected item number 8
[26.12.2022 22:17:29 ] [INFO] [user_interface] [ls_menu: 134] => The user has selected item number 8.1
[26.12.2022 22:17:33 ] [INFO] [user_interface] [ls_menu: 136] => User entered: {user_id}
[26.12.2022 22:18:14 ] [INFO] [main] [<module>: 8] => Start
[26.12.2022 22:18:16 ] [INFO] [user_interface] [ls_menu: 128] => The user has selected item number 8
[26.12.2022 22:18:17 ] [INFO] [user_interface] [ls_menu: 134] => The user has selected item number 8.1
[26.12.2022 22:18:19 ] [INFO] [user_interface] [ls_menu: 136] => User entered: {user_id}
[26.12.2022 22:23:33 ] [INFO] [main] [<module>: 8] => Start
[26.12.2022 22:23:37 ] [INFO] [user_interface] [ls_menu: 128] => The user has selected item number 8
[26.12.2022 22:23:37 ] [INFO] [user_interface] [ls_menu: 134] => The user has selected item number 8.1
[26.12.2022 22:23:40 ] [INFO] [user_interface] [ls_menu: 136] => User entered: {user_id}
[26.12.2022 22:24:05 ] [INFO] [main] [<module>: 8] => Start
[26.12.2022 22:24:06 ] [INFO] [user_interface] [ls_menu: 128] => The user has selected item number 8
[26.12.2022 22:24:08 ] [INFO] [user_interface] [ls_menu: 134] => The user has selected item number 8.1
[26.12.2022 22:24:12 ] [INFO] [user_interface] [ls_menu: 136] => User entered: {user_id}
[26.12.2022 22:25:04 ] [INFO] [main] [<module>: 8] => Start
[26.12.2022 22:25:06 ] [INFO] [user_interface] [ls_menu: 128] => The user has selected item number 8
[26.12.2022 22:25:06 ] [INFO] [user_interface] [ls_menu: 134] => The user has selected item number 8.1
[26.12.2022 22:25:09 ] [INFO] [user_interface] [ls_menu: 136] => User entered: {user_id}
[26.12.2022 22:28:27 ] [INFO] [main] [<module>: 8] => Start
[26.12.2022 22:28:29 ] [INFO] [user_interface] [ls_menu: 128] => The user has selected item number 8
[26.12.2022 22:28:29 ] [INFO] [user_interface] [ls_menu: 134] => The user has selected item number 8.1
[26.12.2022 22:28:32 ] [INFO] [user_interface] [ls_menu: 136] => User entered: {user_id}
[26.12.2022 22:36:24 ] [INFO] [main] [<module>: 8] => Start
[26.12.2022 22:36:28 ] [INFO] [user_interface] [ls_menu: 128] => The user has selected item number 8
[26.12.2022 22:36:28 ] [INFO] [user_interface] [ls_menu: 134] => The user has selected item number 8.1
[26.12.2022 22:36:34 ] [INFO] [user_interface] [ls_menu: 136] => User entered: {user_id}
[26.12.2022 22:37:22 ] [INFO] [main] [<module>: 8] => Start
[26.12.2022 22:37:24 ] [INFO] [user_interface] [ls_menu: 128] => The user has selected item number 8
[26.12.2022 22:37:24 ] [INFO] [user_interface] [ls_menu: 134] => The user has selected item number 8.1
[26.12.2022 22:37:27 ] [INFO] [user_interface] [ls_menu: 136] => User entered: {user_id}
[26.12.2022 22:38:17 ] [INFO] [main] [<module>: 8] => Start
[26.12.2022 22:38:19 ] [INFO] [user_interface] [ls_menu: 128] => The user has selected item number 8
[26.12.2022 22:38:20 ] [INFO] [user_interface] [ls_menu: 140] => The user has selected item number 8.2
[26.12.2022 22:38:24 ] [INFO] [main] [<module>: 8] => Start
[26.12.2022 22:38:29 ] [INFO] [user_interface] [ls_menu: 128] => The user has selected item number 8
[26.12.2022 22:38:30 ] [INFO] [user_interface] [ls_menu: 134] => The user has selected item number 8.1
[26.12.2022 22:38:33 ] [INFO] [user_interface] [ls_menu: 136] => User entered: {user_id}
[26.12.2022 22:40:56 ] [INFO] [main] [<module>: 8] => Start
[26.12.2022 22:40:58 ] [INFO] [user_interface] [ls_menu: 128] => The user has selected item number 8
[26.12.2022 22:41:00 ] [INFO] [user_interface] [ls_menu: 134] => The user has selected item number 8.1
[26.12.2022 22:41:03 ] [INFO] [user_interface] [ls_menu: 136] => User entered: {user_id}
[26.12.2022 22:41:30 ] [INFO] [main] [<module>: 8] => Start
[26.12.2022 22:41:32 ] [INFO] [user_interface] [ls_menu: 128] => The user has selected item number 8
[26.12.2022 22:41:32 ] [INFO] [user_interface] [ls_menu: 134] => The user has selected item number 8.1
[26.12.2022 22:41:37 ] [INFO] [user_interface] [ls_menu: 136] => User entered: {user_id}
[26.12.2022 22:41:59 ] [INFO] [main] [<module>: 8] => Start
[26.12.2022 22:42:02 ] [INFO] [user_interface] [ls_menu: 128] => The user has selected item number 8
[26.12.2022 22:42:04 ] [INFO] [user_interface] [ls_menu: 134] => The user has selected item number 8.1
[26.12.2022 22:42:05 ] [INFO] [user_interface] [ls_menu: 136] => User entered: {user_id}
[26.12.2022 22:42:53 ] [INFO] [main] [<module>: 8] => Start
[26.12.2022 22:42:55 ] [INFO] [user_interface] [ls_menu: 128] => The user has selected item number 8
[26.12.2022 22:42:56 ] [INFO] [user_interface] [ls_menu: 134] => The user has selected item number 8.1
[26.12.2022 22:42:59 ] [INFO] [user_interface] [ls_menu: 136] => User entered: {user_id}
[26.12.2022 22:43:32 ] [INFO] [main] [<module>: 8] => Start
[26.12.2022 22:43:33 ] [INFO] [user_interface] [ls_menu: 128] => The user has selected item number 8
[26.12.2022 22:43:35 ] [INFO] [user_interface] [ls_menu: 134] => The user has selected item number 8.1
[26.12.2022 22:43:37 ] [INFO] [user_interface] [ls_menu: 136] => User entered: {user_id}
[26.12.2022 22:43:48 ] [INFO] [main] [<module>: 8] => Start
[26.12.2022 22:43:49 ] [INFO] [user_interface] [ls_menu: 128] => The user has selected item number 8
[26.12.2022 22:43:50 ] [INFO] [user_interface] [ls_menu: 134] => The user has selected item number 8.1
[26.12.2022 22:43:51 ] [INFO] [user_interface] [ls_menu: 136] => User entered: {user_id}
[26.12.2022 22:45:02 ] [INFO] [main] [<module>: 8] => Start
[26.12.2022 22:45:03 ] [INFO] [user_interface] [ls_menu: 128] => The user has selected item number 8
[26.12.2022 22:45:04 ] [INFO] [user_interface] [ls_menu: 134] => The user has selected item number 8.1
[26.12.2022 22:45:06 ] [INFO] [user_interface] [ls_menu: 136] => User entered: {user_id}
[26.12.2022 22:46:37 ] [INFO] [main] [<module>: 8] => Start
[26.12.2022 22:46:39 ] [INFO] [user_interface] [ls_menu: 128] => The user has selected item number 8
[26.12.2022 22:46:40 ] [INFO] [user_interface] [ls_menu: 134] => The user has selected item number 8.1
[26.12.2022 22:46:41 ] [INFO] [user_interface] [ls_menu: 136] => User entered: {user_id}
[26.12.2022 22:47:10 ] [INFO] [main] [<module>: 8] => Start
[26.12.2022 22:47:11 ] [INFO] [user_interface] [ls_menu: 128] => The user has selected item number 8
[26.12.2022 22:47:12 ] [INFO] [user_interface] [ls_menu: 134] => The user has selected item number 8.1
[26.12.2022 22:47:14 ] [INFO] [user_interface] [ls_menu: 136] => User entered: {user_id}
[26.12.2022 22:47:34 ] [INFO] [main] [<module>: 8] => Start
[26.12.2022 22:47:35 ] [INFO] [user_interface] [ls_menu: 128] => The user has selected item number 8
[26.12.2022 22:47:35 ] [INFO] [user_interface] [ls_menu: 134] => The user has selected item number 8.1
[26.12.2022 22:47:37 ] [INFO] [user_interface] [ls_menu: 136] => User entered: {user_id}
[26.12.2022 22:48:46 ] [INFO] [main] [<module>: 8] => Start
[26.12.2022 22:48:48 ] [INFO] [user_interface] [ls_menu: 24] => The user has selected item number 1
[26.12.2022 22:49:01 ] [INFO] [user_interface] [ls_menu: 128] => The user has selected item number 8
[26.12.2022 22:49:05 ] [INFO] [user_interface] [ls_menu: 134] => The user has selected item number 8.1
[26.12.2022 22:49:09 ] [INFO] [user_interface] [ls_menu: 136] => User entered: {user_id}
[26.12.2022 22:49:12 ] [INFO] [user_interface] [ls_menu: 24] => The user has selected item number 1
[26.12.2022 22:54:27 ] [INFO] [main] [<module>: 8] => Start
[26.12.2022 22:54:29 ] [INFO] [user_interface] [ls_menu: 24] => The user has selected item number 1
[26.12.2022 22:54:47 ] [INFO] [user_interface] [ls_menu: 29] => The user has selected item number 2
[26.12.2022 22:54:56 ] [INFO] [user_interface] [ls_menu: 31] => User entered: {search}
